<?xml version="1.0" encoding="UTF-8"?>
<!-- Generated by org.testng.reporters.JUnitXMLReporter -->
<testsuite hostname="LAPTOP-1PGEGCF0" ignored="3" name="Default test" tests="6" failures="0" timestamp="03 Jan 2018 15:28:55 GMT" time="0.587" errors="0">
  <testcase name="@BeforeTest setUp" time="0.0" classname="com.test.runner.Runner">
    <failure type="org.testng.TestNGException" message="
Parameter &amp;apos;browser&amp;apos; is required by BeforeTest on method setUp but has not been marked @Optional or defined
in C:\Users\abhilash\AppData\Local\Temp\testng-eclipse--1423803613\testng-customsuite.xml">
      <![CDATA[org.testng.TestNGException: Parameter 'browser' is required by BeforeTest on method setUp but has not been marked @Optional or definedin C:\Users\abhilash\AppData\Local\Temp\testng-eclipse--1423803613\testng-customsuite.xmlat org.testng.internal.Parameters.createParams(Parameters.java:290)at org.testng.internal.Parameters.createParametersForMethod(Parameters.java:359)at org.testng.internal.Parameters.createParameters(Parameters.java:620)at org.testng.internal.Parameters.createConfigurationParameters(Parameters.java:190)at org.testng.internal.Invoker.invokeConfigurations(Invoker.java:209)at org.testng.internal.Invoker.invokeConfigurations(Invoker.java:142)at org.testng.TestRunner.beforeRun(TestRunner.java:529)at org.testng.TestRunner.run(TestRunner.java:497)at org.testng.SuiteRunner.runTest(SuiteRunner.java:455)at org.testng.SuiteRunner.runSequentially(SuiteRunner.java:450)at org.testng.SuiteRunner.privateRun(SuiteRunner.java:415)at org.testng.SuiteRunner.run(SuiteRunner.java:364)at org.testng.SuiteRunnerWorker.runSuite(SuiteRunnerWorker.java:52)at org.testng.SuiteRunnerWorker.run(SuiteRunnerWorker.java:84)at org.testng.TestNG.runSuitesSequentially(TestNG.java:1187)at org.testng.TestNG.runSuitesLocally(TestNG.java:1116)at org.testng.TestNG.runSuites(TestNG.java:1028)at org.testng.TestNG.run(TestNG.java:996)at org.testng.remote.AbstractRemoteTestNG.run(AbstractRemoteTestNG.java:114)at org.testng.remote.RemoteTestNG.initAndRun(RemoteTestNG.java:251)at org.testng.remote.RemoteTestNG.main(RemoteTestNG.java:77)]]>
    </failure>
  </testcase> <!-- @BeforeTest setUp -->
  <testcase name="@BeforeTest setUp" time="0.0" classname="com.test.runner.RunnerSingleTest">
    <skipped/>
  </testcase> <!-- @BeforeTest setUp -->
  <testcase name="@AfterMethod getResult" time="0.0" classname="com.test.runner.Runner">
    <skipped/>
  </testcase> <!-- @AfterMethod getResult -->
  <testcase name="@AfterMethod getResult" time="0.0" classname="com.test.runner.Runner">
    <skipped/>
  </testcase> <!-- @AfterMethod getResult -->
  <testcase name="@BeforeMethod setBrowser" time="0.0" classname="com.test.runner.RunnerSingleTest">
    <skipped/>
  </testcase> <!-- @BeforeMethod setBrowser -->
  <testcase name="@AfterMethod getResult" time="0.0" classname="com.test.runner.RunnerSingleTest">
    <skipped/>
  </testcase> <!-- @AfterMethod getResult -->
  <testcase name="@BeforeMethod setBrowser" time="0.0" classname="com.test.runner.RunnerSingleTest">
    <skipped/>
  </testcase> <!-- @BeforeMethod setBrowser -->
  <testcase name="@AfterMethod getResult" time="0.0" classname="com.test.runner.RunnerSingleTest">
    <skipped/>
  </testcase> <!-- @AfterMethod getResult -->
  <testcase name="@AfterMethod getResult" time="0.0" classname="com.test.runner.Runner">
    <skipped/>
  </testcase> <!-- @AfterMethod getResult -->
  <testcase name="@AfterMethod getResult" time="0.0" classname="com.test.runner.Runner">
    <skipped/>
  </testcase> <!-- @AfterMethod getResult -->
  <testcase name="@AfterTest endReport" time="0.0" classname="com.test.runner.Runner">
    <skipped/>
  </testcase> <!-- @AfterTest endReport -->
  <testcase name="@AfterTest endReport" time="0.0" classname="com.test.runner.RunnerSingleTest">
    <skipped/>
  </testcase> <!-- @AfterTest endReport -->
  <testcase name="login_Page_true" time="0.0" classname="com.test.runner.Runner">
    <skipped/>
  </testcase> <!-- login_Page_true -->
  <testcase name="login_Page_true" time="0.0" classname="com.test.runner.Runner">
    <skipped/>
  </testcase> <!-- login_Page_true -->
  <testcase name="login_Page_true" time="0.0" classname="com.test.runner.RunnerSingleTest">
    <skipped/>
  </testcase> <!-- login_Page_true -->
  <testcase name="login_Page_true" time="0.0" classname="com.test.runner.RunnerSingleTest">
    <skipped/>
  </testcase> <!-- login_Page_true -->
  <testcase name="login_Page_false" time="0.0" classname="com.test.runner.Runner">
    <skipped/>
  </testcase> <!-- login_Page_false -->
  <testcase name="login_Page_false" time="0.0" classname="com.test.runner.Runner">
    <skipped/>
  </testcase> <!-- login_Page_false -->
  <testcase name="login_Page_false" time="0.0" classname="com.test.runner.RunnerSingleTest">
    <ignored/>
  </testcase> <!-- login_Page_false -->
  <testcase name="smokeTest_URLs" time="0.0" classname="com.test.runner.RunnerSingleTest">
    <ignored/>
  </testcase> <!-- smokeTest_URLs -->
  <testcase name="smokeTest_URLs" time="0.0" classname="com.test.runner.Runner">
    <ignored/>
  </testcase> <!-- smokeTest_URLs -->
</testsuite> <!-- Default test -->
