<?xml version="1.0" encoding="UTF-8"?>
<!-- Generated by org.testng.reporters.JUnitXMLReporter -->
<testsuite hostname="LAPTOP-1PGEGCF0" ignored="1" name="chrome" tests="2" failures="1" timestamp="03 Jan 2018 16:41:37 GMT" time="36.22" errors="0">
  <testcase name="login_Page_true" time="14.225" classname="com.test.runner.SingleTest"/>
  <testcase name="login_Page_true" time="6.65" classname="com.test.runner.SingleTest">
    <failure type="java.lang.AssertionError" message="expected [Find a Flight: Mercury Tours:] but found [Sign-on: Mercury Tours]">
      <![CDATA[java.lang.AssertionError: expected [Find a Flight: Mercury Tours:] but found [Sign-on: Mercury Tours]at com.test.runner.SingleTest.login_Page_true(SingleTest.java:64)... Removed 31 stack frames]]>
    </failure>
  </testcase> <!-- login_Page_true -->
  <testcase name="login_Page_false" time="0.0" classname="com.test.runner.SingleTest">
    <ignored/>
  </testcase> <!-- login_Page_false -->
</testsuite> <!-- chrome -->
