<?xml version="1.0" encoding="UTF-8"?>
<!-- Generated by org.testng.reporters.JUnitReportReporter -->
<testsuite skipped="5" hostname="LAPTOP-1PGEGCF0" name="com.test.runner.Runner" tests="6" failures="0" timestamp="03 Jan 2018 15:28:55 GMT" time="0.000" errors="1">
  <testcase name="setUp" time="0.000" classname="com.test.runner.Runner">
    <error type="org.testng.TestNGException" message="
Parameter &#039;browser&#039; is required by BeforeTest on method setUp but has not been marked @Optional or defined
in C:\Users\abhilash\AppData\Local\Temp\testng-eclipse--1423803613\testng-customsuite.xml">
      <![CDATA[org.testng.TestNGException: Parameter 'browser' is required by BeforeTest on method setUp but has not been marked @Optional or definedin C:\Users\abhilash\AppData\Local\Temp\testng-eclipse--1423803613\testng-customsuite.xmlat org.testng.internal.Parameters.createParams(Parameters.java:290)at org.testng.internal.Parameters.createParametersForMethod(Parameters.java:359)at org.testng.internal.Parameters.createParameters(Parameters.java:620)at org.testng.internal.Parameters.createConfigurationParameters(Parameters.java:190)at org.testng.internal.Invoker.invokeConfigurations(Invoker.java:209)at org.testng.internal.Invoker.invokeConfigurations(Invoker.java:142)at org.testng.TestRunner.beforeRun(TestRunner.java:529)at org.testng.TestRunner.run(TestRunner.java:497)at org.testng.SuiteRunner.runTest(SuiteRunner.java:455)at org.testng.SuiteRunner.runSequentially(SuiteRunner.java:450)at org.testng.SuiteRunner.privateRun(SuiteRunner.java:415)at org.testng.SuiteRunner.run(SuiteRunner.java:364)at org.testng.SuiteRunnerWorker.runSuite(SuiteRunnerWorker.java:52)at org.testng.SuiteRunnerWorker.run(SuiteRunnerWorker.java:84)at org.testng.TestNG.runSuitesSequentially(TestNG.java:1187)at org.testng.TestNG.runSuitesLocally(TestNG.java:1116)at org.testng.TestNG.runSuites(TestNG.java:1028)at org.testng.TestNG.run(TestNG.java:996)at org.testng.remote.AbstractRemoteTestNG.run(AbstractRemoteTestNG.java:114)at org.testng.remote.RemoteTestNG.initAndRun(RemoteTestNG.java:251)at org.testng.remote.RemoteTestNG.main(RemoteTestNG.java:77)]]>
    </error>
  </testcase> <!-- setUp -->
  <testcase name="login_Page_true" time="0.000" classname="com.test.runner.Runner">
    <skipped/>
  </testcase> <!-- login_Page_true -->
  <testcase name="login_Page_true" time="0.000" classname="com.test.runner.Runner">
    <skipped/>
  </testcase> <!-- login_Page_true -->
  <testcase name="login_Page_false" time="0.000" classname="com.test.runner.Runner">
    <skipped/>
  </testcase> <!-- login_Page_false -->
  <testcase name="login_Page_false" time="0.000" classname="com.test.runner.Runner">
    <skipped/>
  </testcase> <!-- login_Page_false -->
  <testcase name="smokeTest_URLs" classname="com.test.runner.Runner">
    <skipped/>
  </testcase> <!-- smokeTest_URLs -->
</testsuite> <!-- com.test.runner.Runner -->
